[    0.000000] Initializing cgroup subsys cpuset
[    0.000000] Initializing cgroup subsys cpu
[    0.000000] Initializing cgroup subsys cpuacct
[    0.000000] Linux version 4.4.0-59-generic (buildd@lgw01-11) (gcc version 5.4.0 20160609 (Ubuntu 5.4.0-6ubuntu1~16.04.4) ) #80-Ubuntu SMP Fri Jan 6 17:47:47 UTC 2017 (Ubuntu 4.4.0-59.80-generic 4.4.35)
[    0.000000] Command line: BOOT_IMAGE=/boot/vmlinuz-4.4.0-59-generic root=LABEL=cloudimg-rootfs ro console=tty1 console=ttyS0
[    0.000000] KERNEL supported cpus:
[    0.000000]   Intel GenuineIntel
[    0.000000]   AMD AuthenticAMD
[    0.000000]   Centaur CentaurHauls
[    0.000000] x86/fpu: xstate_offset[2]:  576, xstate_sizes[2]:  256
[    0.000000] x86/fpu: Supporting XSAVE feature 0x01: 'x87 floating point registers'
[    0.000000] x86/fpu: Supporting XSAVE feature 0x02: 'SSE registers'
[    0.000000] x86/fpu: Supporting XSAVE feature 0x04: 'AVX registers'
[    0.000000] x86/fpu: Enabled xstate features 0x7, context size is 832 bytes, using 'standard' format.
[    0.000000] x86/fpu: Using 'lazy' FPU context switches.
[    0.000000] e820: BIOS-provided physical RAM map:
[    0.000000] BIOS-e820: [mem 0x0000000000000000-0x000000000009fbff] usable
[    0.000000] BIOS-e820: [mem 0x000000000009fc00-0x000000000009ffff] reserved
[    0.000000] BIOS-e820: [mem 0x00000000000f0000-0x00000000000fffff] reserved
[    0.000000] BIOS-e820: [mem 0x0000000000100000-0x000000003ffeffff] usable
[    0.000000] BIOS-e820: [mem 0x000000003fff0000-0x000000003fffffff] ACPI data
[    0.000000] BIOS-e820: [mem 0x00000000fec00000-0x00000000fec00fff] reserved
[    0.000000] BIOS-e820: [mem 0x00000000fee00000-0x00000000fee00fff] reserved
[    0.000000] BIOS-e820: [mem 0x00000000fffc0000-0x00000000ffffffff] reserved
[    0.000000] NX (Execute Disable) protection: active
[    0.000000] SMBIOS 2.5 present.
[    0.000000] Hypervisor detected: KVM
[    0.000000] e820: last_pfn = 0x3fff0 max_arch_pfn = 0x400000000
[    0.000000] MTRR: Disabled
[    0.000000] x86/PAT: MTRRs disabled, skipping PAT initialization too.
[    0.000000] x86/PAT: Configuration [0-7]: WB  WT  UC- UC  WB  WT  UC- UC  
[    0.000000] CPU MTRRs all blank - virtualized system.
[    0.000000] found SMP MP-table at [mem 0x0009fff0-0x0009ffff] mapped at [ffff88000009fff0]
[    0.000000] Scanning 1 areas for low memory corruption
[    0.000000] RAMDISK: [mem 0x36b84000-0x375b9fff]
[    0.000000] ACPI: Early table checksum verification disabled
[    0.000000] ACPI: RSDP 0x00000000000E0000 000024 (v02 VBOX  )
[    0.000000] ACPI: XSDT 0x000000003FFF0030 00003C (v01 VBOX   VBOXXSDT 00000001 ASL  00000061)
[    0.000000] ACPI: FACP 0x000000003FFF00F0 0000F4 (v04 VBOX   VBOXFACP 00000001 ASL  00000061)
[    0.000000] ACPI: DSDT 0x000000003FFF0470 00210F (v01 VBOX   VBOXBIOS 00000002 INTL 20100528)
[    0.000000] ACPI: FACS 0x000000003FFF0200 000040
[    0.000000] ACPI: FACS 0x000000003FFF0200 000040
[    0.000000] ACPI: APIC 0x000000003FFF0240 00005C (v02 VBOX   VBOXAPIC 00000001 ASL  00000061)
[    0.000000] ACPI: SSDT 0x000000003FFF02A0 0001CC (v01 VBOX   VBOXCPUT 00000002 INTL 20100528)
[    0.000000] No NUMA configuration found
[    0.000000] Faking a node at [mem 0x0000000000000000-0x000000003ffeffff]
[    0.000000] NODE_DATA(0) allocated [mem 0x3ffeb000-0x3ffeffff]
[    0.000000] kvm-clock: Using msrs 4b564d01 and 4b564d00
[    0.000000] kvm-clock: cpu 0, msr 0:3ffe3001, primary cpu clock
[    0.000000] kvm-clock: using sched offset of 3040201975 cycles
[    0.000000] clocksource: kvm-clock: mask: 0xffffffffffffffff max_cycles: 0x1cd42e4dffb, max_idle_ns: 881590591483 ns
[    0.000000] Zone ranges:
[    0.000000]   DMA      [mem 0x0000000000001000-0x0000000000ffffff]
[    0.000000]   DMA32    [mem 0x0000000001000000-0x000000003ffeffff]
[    0.000000]   Normal   empty
[    0.000000]   Device   empty
[    0.000000] Movable zone start for each node
[    0.000000] Early memory node ranges
[    0.000000]   node   0: [mem 0x0000000000001000-0x000000000009efff]
[    0.000000]   node   0: [mem 0x0000000000100000-0x000000003ffeffff]
[    0.000000] Initmem setup node 0 [mem 0x0000000000001000-0x000000003ffeffff]
[    0.000000] ACPI: PM-Timer IO Port: 0x4008
[    0.000000] IOAPIC[0]: apic_id 2, version 32, address 0xfec00000, GSI 0-23
[    0.000000] ACPI: INT_SRC_OVR (bus 0 bus_irq 0 global_irq 2 dfl dfl)
[    0.000000] ACPI: INT_SRC_OVR (bus 0 bus_irq 9 global_irq 9 high level)
[    0.000000] Using ACPI (MADT) for SMP configuration information
[    0.000000] smpboot: Allowing 2 CPUs, 0 hotplug CPUs
[    0.000000] PM: Registered nosave memory: [mem 0x00000000-0x00000fff]
[    0.000000] PM: Registered nosave memory: [mem 0x0009f000-0x0009ffff]
[    0.000000] PM: Registered nosave memory: [mem 0x000a0000-0x000effff]
[    0.000000] PM: Registered nosave memory: [mem 0x000f0000-0x000fffff]
[    0.000000] e820: [mem 0x40000000-0xfebfffff] available for PCI devices
[    0.000000] Booting paravirtualized kernel on KVM
[    0.000000] clocksource: refined-jiffies: mask: 0xffffffff max_cycles: 0xffffffff, max_idle_ns: 7645519600211568 ns
[    0.000000] setup_percpu: NR_CPUS:512 nr_cpumask_bits:512 nr_cpu_ids:2 nr_node_ids:1
[    0.000000] PERCPU: Embedded 33 pages/cpu @ffff88003fc00000 s98264 r8192 d28712 u1048576
[    0.000000] PV qspinlock hash table entries: 256 (order: 0, 4096 bytes)
[    0.000000] Built 1 zonelists in Node order, mobility grouping on.  Total pages: 257913
[    0.000000] Policy zone: DMA32
[    0.000000] Kernel command line: BOOT_IMAGE=/boot/vmlinuz-4.4.0-59-generic root=LABEL=cloudimg-rootfs ro console=tty1 console=ttyS0
[    0.000000] PID hash table entries: 4096 (order: 3, 32768 bytes)
[    0.000000] Memory: 1002124K/1048120K available (8436K kernel code, 1291K rwdata, 3960K rodata, 1488K init, 1316K bss, 45996K reserved, 0K cma-reserved)
[    0.000000] SLUB: HWalign=64, Order=0-3, MinObjects=0, CPUs=2, Nodes=1
[    0.000000] Hierarchical RCU implementation.
[    0.000000] 	Build-time adjustment of leaf fanout to 64.
[    0.000000] 	RCU restricting CPUs from NR_CPUS=512 to nr_cpu_ids=2.
[    0.000000] RCU: Adjusting geometry for rcu_fanout_leaf=64, nr_cpu_ids=2
[    0.000000] NR_IRQS:33024 nr_irqs:440 16
[    0.000000] Console: colour VGA+ 80x25
[    0.000000] console [tty1] enabled
[    0.000000] console [ttyS0] enabled
[    0.000000] tsc: Detected 3099.998 MHz processor
[    1.585863] Calibrating delay loop (skipped) preset value.. 6199.99 BogoMIPS (lpj=12399992)
[    1.628394] pid_max: default: 32768 minimum: 301
[    1.629739] ACPI: Core revision 20150930
[    1.649555] ACPI: 2 ACPI AML tables successfully acquired and loaded
[    1.651038] Security Framework initialized
[    1.651730] Yama: becoming mindful.
[    1.652360] AppArmor: AppArmor initialized
[    1.653137] Dentry cache hash table entries: 131072 (order: 8, 1048576 bytes)
[    1.654333] Inode-cache hash table entries: 65536 (order: 7, 524288 bytes)
[    1.656634] Mount-cache hash table entries: 2048 (order: 2, 16384 bytes)
[    1.665992] Mountpoint-cache hash table entries: 2048 (order: 2, 16384 bytes)
[    1.667517] Initializing cgroup subsys io
[    1.668387] Initializing cgroup subsys memory
[    1.694509] Initializing cgroup subsys devices
[    1.695448] Initializing cgroup subsys freezer
[    1.696375] Initializing cgroup subsys net_cls
[    1.697298] Initializing cgroup subsys perf_event
[    1.698262] Initializing cgroup subsys net_prio
[    1.704583] Initializing cgroup subsys hugetlb
[    1.732153] Initializing cgroup subsys pids
[    1.733122] CPU: Physical Processor ID: 0
[    1.733983] CPU: Processor Core ID: 0
[    1.735669] mce: CPU supports 0 MCE banks
[    1.736543] Last level iTLB entries: 4KB 64, 2MB 8, 4MB 8
[    1.737620] Last level dTLB entries: 4KB 64, 2MB 0, 4MB 0, 1GB 4
[    1.740618] Freeing SMP alternatives memory: 32K (ffffffff820b8000 - ffffffff820c0000)
[    1.766408] ftrace: allocating 32064 entries in 126 pages
[    1.807774] smpboot: APIC(0) Converting physical 0 to logical package 0
[    1.814587] smpboot: Max logical packages: 1
[    1.817018] x2apic enabled
[    1.829259] Switched APIC routing to physical x2apic.
[    1.871586] ..TIMER: vector=0x30 apic1=0 pin1=2 apic2=-1 pin2=-1
[    1.978873] smpboot: CPU0: Intel(R) Core(TM) i7-5557U CPU @ 3.10GHz (family: 0x6, model: 0x3d, stepping: 0x4)
[    2.082889] Performance Events: unsupported p6 CPU model 61 no PMU driver, software events only.
[    2.131795] KVM setup paravirtual spinlock
[    2.194159] x86: Booting SMP configuration:
[    2.233060] .... node  #0, CPUs:      #1
[    2.235141] kvm-clock: cpu 1, msr 0:3ffe3041, secondary cpu clock
[    2.238296] mce: CPU supports 0 MCE banks
[    2.240909] x86: Booted up 1 node, 2 CPUs
[    2.241967] smpboot: Total of 2 processors activated (12399.99 BogoMIPS)
[    2.243597] devtmpfs: initialized
[    2.245380] evm: security.selinux
[    2.254468] evm: security.SMACK64
[    2.255217] evm: security.SMACK64EXEC
[    2.257103] evm: security.SMACK64TRANSMUTE
[    2.277073] evm: security.SMACK64MMAP
[    2.298303] evm: security.ima
[    2.320330] evm: security.capability
[    2.326364] clocksource: jiffies: mask: 0xffffffff max_cycles: 0xffffffff, max_idle_ns: 7645041785100000 ns
[    2.340888] pinctrl core: initialized pinctrl subsystem
[    2.384011] RTC time: 17:19:50, date: 01/18/17
[    2.426653] NET: Registered protocol family 16
[    2.483092] cpuidle: using governor ladder
[    2.539058] cpuidle: using governor menu
[    2.546867] PCCT header not found.
[    2.547711] ACPI: bus type PCI registered
[    2.548576] acpiphp: ACPI Hot Plug PCI Controller Driver version: 0.5
[    2.550005] PCI: Using configuration type 1 for base access
[    2.590941] ACPI: Added _OSI(Module Device)
[    2.631990] ACPI: Added _OSI(Processor Device)
[    2.650864] ACPI: Added _OSI(3.0 _SCP Extensions)
[    2.688887] ACPI: Added _OSI(Processor Aggregator Device)
[    2.750734] ACPI: Executed 1 blocks of module-level executable AML code
[    2.790256] ACPI: Interpreter enabled
[    2.791125] ACPI: (supports S0 S5)
[    2.791928] ACPI: Using IOAPIC for interrupt routing
[    2.813887] PCI: Using host bridge windows from ACPI; if necessary, use "pci=nocrs" and report a bug
[    2.896500] ACPI: PCI Root Bridge [PCI0] (domain 0000 [bus 00-ff])
[    2.943630] acpi PNP0A03:00: _OSC: OS supports [ASPM ClockPM Segments MSI]
[    3.007364] acpi PNP0A03:00: _OSC failed (AE_NOT_FOUND); disabling ASPM
[    3.058858] acpi PNP0A03:00: fail to add MMCONFIG information, can't access extended PCI configuration space under this bridge.
[    3.135766] PCI host bridge to bus 0000:00
[    3.192276] pci_bus 0000:00: root bus resource [io  0x0000-0x0cf7 window]
[    3.252621] pci_bus 0000:00: root bus resource [io  0x0d00-0xffff window]
[    3.253919] pci_bus 0000:00: root bus resource [mem 0x000a0000-0x000bffff window]
[    3.255487] pci_bus 0000:00: root bus resource [mem 0x40000000-0xffdfffff window]
[    3.337059] pci_bus 0000:00: root bus resource [bus 00-ff]
[    3.407416] pci 0000:00:01.1: legacy IDE quirk: reg 0x10: [io  0x01f0-0x01f7]
[    3.447332] pci 0000:00:01.1: legacy IDE quirk: reg 0x14: [io  0x03f6]
[    3.515079] pci 0000:00:01.1: legacy IDE quirk: reg 0x18: [io  0x0170-0x0177]
[    3.578628] pci 0000:00:01.1: legacy IDE quirk: reg 0x1c: [io  0x0376]
[    3.653357] pci 0000:00:07.0: quirk: [io  0x4000-0x403f] claimed by PIIX4 ACPI
[    3.698892] pci 0000:00:07.0: quirk: [io  0x4100-0x410f] claimed by PIIX4 SMB
[    3.764315] ACPI: PCI Interrupt Link [LNKA] (IRQs 5 9 10 *11)
[    3.820904] ACPI: PCI Interrupt Link [LNKB] (IRQs 5 9 10 *11)
[    3.884662] ACPI: PCI Interrupt Link [LNKC] (IRQs 5 9 *10 11)
[    3.927813] ACPI: PCI Interrupt Link [LNKD] (IRQs 5 *9 10 11)
[    3.978387] ACPI: Enabled 2 GPEs in block 00 to 07
[    4.030870] vgaarb: setting as boot device: PCI:0000:00:02.0
[    4.066900] vgaarb: device added: PCI:0000:00:02.0,decodes=io+mem,owns=io+mem,locks=none
[    4.081198] vgaarb: loaded
[    4.102396] vgaarb: bridge control possible 0000:00:02.0
[    4.140322] SCSI subsystem initialized
[    4.156747] ACPI: bus type USB registered
[    4.185459] usbcore: registered new interface driver usbfs
[    4.240849] usbcore: registered new interface driver hub
[    4.281144] usbcore: registered new device driver usb
[    4.312672] PCI: Using ACPI for IRQ routing
[    4.350588] NetLabel: Initializing
[    4.389010] NetLabel:  domain hash size = 128
[    4.390090] NetLabel:  protocols = UNLABELED CIPSOv4
[    4.407775] NetLabel:  unlabeled traffic allowed by default
[    4.437153] amd_nb: Cannot enumerate AMD northbridges
[    4.485166] clocksource: Switched to clocksource kvm-clock
[    4.565554] AppArmor: AppArmor Filesystem Enabled
[    4.654304] pnp: PnP ACPI init
[    4.711554] pnp: PnP ACPI: found 3 devices
[    4.762605] clocksource: acpi_pm: mask: 0xffffff max_cycles: 0xffffff, max_idle_ns: 2085701024 ns
[    4.889669] NET: Registered protocol family 2
[    4.974852] TCP established hash table entries: 8192 (order: 4, 65536 bytes)
[    5.109427] TCP bind hash table entries: 8192 (order: 5, 131072 bytes)
[    5.116055] TCP: Hash tables configured (established 8192 bind 8192)
[    5.141778] UDP hash table entries: 512 (order: 2, 16384 bytes)
[    5.261522] UDP-Lite hash table entries: 512 (order: 2, 16384 bytes)
[    5.350182] NET: Registered protocol family 1
[    5.432159] pci 0000:00:00.0: Limiting direct PCI/PCI transfers
[    5.536848] pci 0000:00:01.0: Activating ISA DMA hang workarounds
[    5.664463] Trying to unpack rootfs image as initramfs...
[    7.279869] Freeing initrd memory: 10456K (ffff880036b84000 - ffff8800375ba000)
[    7.313341] RAPL PMU detected, API unit is 2^-32 Joules, 4 fixed counters 10737418240 ms ovfl timer
[    7.422489] hw unit of domain pp0-core 2^-0 Joules
[    7.423476] hw unit of domain package 2^-0 Joules
[    7.424441] hw unit of domain dram 2^-0 Joules
[    7.425362] hw unit of domain pp1-gpu 2^-0 Joules
[    7.426432] platform rtc_cmos: registered platform RTC device (no PNP device found)
[    7.428067] Scanning for low memory corruption every 60 seconds
[    7.429728] futex hash table entries: 512 (order: 3, 32768 bytes)
[    7.495190] audit: initializing netlink subsys (disabled)
[    7.546928] audit: type=2000 audit(1484759996.650:1): initialized
[    7.617992] Initialise system trusted keyring
[    7.675330] HugeTLB registered 2 MB page size, pre-allocated 0 pages
[    7.774355] zbud: loaded
[    7.811950] VFS: Disk quotas dquot_6.6.0
[    7.899476] VFS: Dquot-cache hash table entries: 512 (order 0, 4096 bytes)
[    8.026691] squashfs: version 4.0 (2009/01/31) Phillip Lougher
[    8.144984] fuse init (API version 7.23)
[    8.171811] Key type big_key registered
[    8.172749] Allocating IMA MOK and blacklist keyrings.
[    8.175794] Key type asymmetric registered
[    8.228190] Asymmetric key parser 'x509' registered
[    8.251189] Block layer SCSI generic (bsg) driver version 0.4 loaded (major 249)
[    8.302031] io scheduler noop registered
[    8.341196] io scheduler deadline registered (default)
[    8.428794] tsc: Refined TSC clocksource calibration: 3098.315 MHz
[    8.430042] clocksource: tsc: mask: 0xffffffffffffffff max_cycles: 0x2ca9101dda8, max_idle_ns: 440795248270 ns
[    8.430133] io scheduler cfq registered
[    8.430218] pci_hotplug: PCI Hot Plug PCI Core version: 0.5
[    8.430221] pciehp: PCI Express Hot Plug Controller Driver version: 0.4
[    8.430517] ACPI: AC Adapter [AC] (on-line)
[    8.430568] input: Power Button as /devices/LNXSYSTM:00/LNXPWRBN:00/input/input0
[    8.430570] ACPI: Power Button [PWRF]
[    8.430627] input: Sleep Button as /devices/LNXSYSTM:00/LNXSLPBN:00/input/input1
[    8.430628] ACPI: Sleep Button [SLPF]
[    8.556675] GHES: HEST is not enabled!
[    8.557540] ACPI: Battery Slot [BAT0] (battery present)
[    8.557584] Serial: 8250/16550 driver, 32 ports, IRQ sharing enabled
[    8.607870] 00:02: ttyS0 at I/O 0x3f8 (irq = 4, base_baud = 115200) is a 16550A
[    8.712022] Linux agpgart interface v0.103
[    8.727149] brd: module loaded
[    8.727812] loop: module loaded
[    8.728540] scsi host0: ata_piix
[    8.728603] scsi host1: ata_piix
[    8.728642] ata1: PATA max UDMA/33 cmd 0x1f0 ctl 0x3f6 bmdma 0xd000 irq 14
[    8.728644] ata2: PATA max UDMA/33 cmd 0x170 ctl 0x376 bmdma 0xd008 irq 15
[    8.728735] libphy: Fixed MDIO Bus: probed
[    8.728738] tun: Universal TUN/TAP device driver, 1.6
[    8.728738] tun: (C) 1999-2004 Max Krasnyansky <maxk@qualcomm.com>
[    8.729088] PPP generic driver version 2.4.2
[    8.729159] ehci_hcd: USB 2.0 'Enhanced' Host Controller (EHCI) Driver
[    8.729165] ehci-pci: EHCI PCI platform driver
[    8.729183] ehci-platform: EHCI generic platform driver
[    8.729192] ohci_hcd: USB 1.1 'Open' Host Controller (OHCI) Driver
[    8.729196] ohci-pci: OHCI PCI platform driver
[    8.729205] ohci-platform: OHCI generic platform driver
[    8.729213] uhci_hcd: USB Universal Host Controller Interface driver
[    8.729281] i8042: PNP: PS/2 Controller [PNP0303:PS2K,PNP0f03:PS2M] at 0x60,0x64 irq 1,12
[    8.735750] serio: i8042 KBD port at 0x60,0x64 irq 1
[    8.735755] serio: i8042 AUX port at 0x60,0x64 irq 12
[    8.735855] mousedev: PS/2 mouse device common for all mice
[    8.736091] rtc_cmos rtc_cmos: rtc core: registered rtc_cmos as rtc0
[    8.736136] rtc_cmos rtc_cmos: alarms up to one day, 114 bytes nvram
[    8.736141] i2c /dev entries driver
[    8.736185] device-mapper: uevent: version 1.0.3
[    8.736227] device-mapper: ioctl: 4.34.0-ioctl (2015-10-28) initialised: dm-devel@redhat.com
[    8.736239] ledtrig-cpu: registered to indicate activity on CPUs
[    8.736444] NET: Registered protocol family 10
[    8.736555] NET: Registered protocol family 17
[    8.736562] Key type dns_resolver registered
[    8.737208] microcode: CPU0 sig=0x306d4, pf=0x40, revision=0x0
[    8.737221] microcode: CPU1 sig=0x306d4, pf=0x40, revision=0x0
[    8.737263] microcode: Microcode Update Driver: v2.01 <tigran@aivazian.fsnet.co.uk>, Peter Oruba
[    8.737355] registered taskstats version 1
[    8.737369] Loading compiled-in X.509 certificates
[    8.737886] Loaded X.509 cert 'Build time autogenerated kernel key: 6ffa6bfaa152a74cd2b6aa1e188cb999d8f5632b'
[    8.737896] zswap: loaded using pool lzo/zbud
[    8.739212] Key type trusted registered
[    8.740959] Key type encrypted registered
[    8.740962] AppArmor: AppArmor sha1 policy hashing enabled
[    8.740965] ima: No TPM chip found, activating TPM-bypass!
[    8.740980] evm: HMAC attrs: 0x1
[    8.741322]   Magic number: 1:396:340
[    8.766414] rtc_cmos rtc_cmos: setting system clock to 2017-01-18 17:19:56 UTC (1484759996)
[    8.766596] BIOS EDD facility v0.16 2004-Jun-25, 0 devices found
[    8.766597] EDD information not available.
[    8.947480] input: AT Translated Set 2 keyboard as /devices/platform/i8042/serio0/input/input2
[   10.779012] Freeing unused kernel memory: 1488K (ffffffff81f44000 - ffffffff820b8000)
[   10.832068] Write protecting the kernel read-only data: 14336k
[   10.833814] Freeing unused kernel memory: 1792K (ffff880001840000 - ffff880001a00000)
[   10.971472] Freeing unused kernel memory: 136K (ffff880001dde000 - ffff880001e00000)
Loading, please wait...
[   11.115271] random: systemd-udevd: uninitialized urandom read (16 bytes read, 5 bits of entropy available)
starting version 229
[   11.115760] random: udevadm: uninitialized urandom read (16 bytes read, 5 bits of entropy available)
[   11.115791] random: udevadm: uninitialized urandom read (16 bytes read, 5 bits of entropy available)
[   11.115988] random: udevadm: uninitialized urandom read (16 bytes read, 5 bits of entropy available)
[   11.116020] random: udevadm: uninitialized urandom read (16 bytes read, 5 bits of entropy available)
[   11.116051] random: udevadm: uninitialized urandom read (16 bytes read, 5 bits of entropy available)
[   11.116085] random: udevadm: uninitialized urandom read (16 bytes read, 5 bits of entropy available)
[   11.116114] random: udevadm: uninitialized urandom read (16 bytes read, 5 bits of entropy available)
[   11.116143] random: udevadm: uninitialized urandom read (16 bytes read, 5 bits of entropy available)
[   11.116171] random: udevadm: uninitialized urandom read (16 bytes read, 5 bits of entropy available)
[   12.000871] Fusion MPT base driver 3.04.20
[   12.004554] Copyright (c) 1999-2008 LSI Corporation
[   12.006090] e1000: Intel(R) PRO/1000 Network Driver - version 7.3.21-k8-NAPI
[   12.025960] e1000: Copyright (c) 1999-2006 Intel Corporation.
[   12.058654] Fusion MPT SPI Host driver 3.04.20
[   12.081933] AVX version of gcm_enc/dec engaged.
[   12.134216] AES CTR mode by8 optimization enabled
[   12.297732] input: ImExPS/2 Generic Explorer Mouse as /devices/platform/i8042/serio1/input/input4
[   12.466023] e1000 0000:00:03.0 eth0: (PCI:33MHz:32-bit) 02:06:6d:81:c6:8d
[   12.483871] e1000 0000:00:03.0 eth0: Intel(R) PRO/1000 Network Connection
[   12.489757] mptbase: ioc0: Initiating bringup
[   12.557479] ioc0: LSI53C1030 A0: Capabilities={Initiator}
[   12.737889] scsi host2: ioc0: LSI53C1030 A0, FwRev=00000000h, Ports=1, MaxQ=256, IRQ=20
[   12.929120] scsi 2:0:0:0: Direct-Access     VBOX     HARDDISK         1.0  PQ: 0 ANSI: 5
[   12.977326] scsi target2:0:0: Beginning Domain Validation
[   12.984387] scsi target2:0:0: Domain Validation skipping write tests
[   12.986494] scsi target2:0:0: Ending Domain Validation
[   12.989785] scsi target2:0:0: asynchronous
[   12.997348] scsi 2:0:1:0: Direct-Access     VBOX     HARDDISK         1.0  PQ: 0 ANSI: 5
[   13.002161] scsi target2:0:1: Beginning Domain Validation
[   13.006967] scsi target2:0:1: Domain Validation skipping write tests
[   13.014660] scsi target2:0:1: Ending Domain Validation
[   13.015835] scsi target2:0:1: asynchronous
[   13.097423] sd 2:0:0:0: Attached scsi generic sg0 type 0
[   13.105813] sd 2:0:0:0: [sda] 20971520 512-byte logical blocks: (10.7 GB/10.0 GiB)
[   13.112838] sd 2:0:1:0: Attached scsi generic sg1 type 0
[   13.114802] sd 2:0:1:0: [sdb] 20480 512-byte logical blocks: (10.5 MB/10.0 MiB)
[   13.119698] sd 2:0:1:0: [sdb] Write Protect is off
[   13.124928] sd 2:0:0:0: [sda] Write Protect is off
[   13.130305] sd 2:0:1:0: [sdb] Incomplete mode parameter data
[   13.136754] sd 2:0:1:0: [sdb] Assuming drive cache: write through
[   13.139314] sd 2:0:0:0: [sda] Incomplete mode parameter data
[   13.141456] sd 2:0:0:0: [sda] Assuming drive cache: write through
[   13.149212]  sda: sda1
[   13.163311] sd 2:0:1:0: [sdb] Attached SCSI disk
[   13.172817] sd 2:0:0:0: [sda] Attached SCSI disk
[   13.300544] e1000 0000:00:08.0 eth1: (PCI:33MHz:32-bit) 08:00:27:1d:2c:28
[   13.386940] e1000 0000:00:08.0 eth1: Intel(R) PRO/1000 Network Connection
[   13.466485] e1000 0000:00:03.0 enp0s3: renamed from eth0
[   13.497979] e1000 0000:00:08.0 enp0s8: renamed from eth1
[   15.029569] floppy0: no floppy controllers found
Begin: Loading e[   16.342164] md: linear personality registered for level -1
ssential drivers ... [   16.406521] md: multipath personality registered for level -4
[   16.482783] md: raid0 personality registered for level 0
[   16.536119] md: raid1 personality registered for level 1
[   16.641456] raid6: sse2x1   gen() 10592 MB/s
[   16.737180] raid6: sse2x1   xor()  7730 MB/s
[   16.853412] raid6: sse2x2   gen() 13236 MB/s
[   16.961215] raid6: sse2x2   xor()  6817 MB/s
[   17.065641] raid6: sse2x4   gen() 15028 MB/s
[   17.173212] raid6: sse2x4   xor() 10206 MB/s
[   17.199239] raid6: using algorithm sse2x4 gen() 15028 MB/s
[   17.200406] raid6: .... xor() 10206 MB/s, rmw enabled
[   17.250671] raid6: using ssse3x2 recovery algorithm
[   17.284725] xor: automatically using best checksumming function:
[   17.325193]    avx       : 22532.000 MB/sec
[   17.352538] async_tx: api initialized (async)
[   17.361348] md: raid6 personality registered for level 6
[   17.381467] md: raid5 personality registered for level 5
[   17.382542] md: raid4 personality registered for level 4
[   17.387711] md: raid10 personality registered for level 10
done.
Begin: Running /scripts/init-premount ... done.
Begin: Mounting root file system ... Begin: R[   17.429296] Btrfs loaded
unning /scripts/local-top ... done.
Begin: Running /scripts/local-premount ... Scanning for Btrfs filesystems
done.
Warning: fsck not present, so skipping root file system
[   17.462990] EXT4-fs (sda1): mounted filesystem with ordered data mode. Opts: (null)
done.
Begin: Running /scripts/local-bottom ... done.
Begin: Running /scripts/init-bottom ... done.
[   17.608092] systemd[1]: systemd 229 running in system mode. (+PAM +AUDIT +SELINUX +IMA +APPARMOR +SMACK +SYSVINIT +UTMP +LIBCRYPTSETUP +GCRYPT +GNUTLS +ACL +XZ -LZ4 +SECCOMP +BLKID +ELFUTILS +KMOD -IDN)
[   17.852628] systemd[1]: Detected virtualization oracle.
[   17.940289] systemd[1]: Detected architecture x86-64.

Welcome to [1mUbuntu 16.04.1 LTS[0m!

[   18.030415] systemd[1]: Set hostname to <ubuntu>.
[   18.081029] systemd[1]: Initializing machine ID from random generator.
[   18.193808] systemd[1]: Installed transient /etc/machine-id file.
[   18.320967] systemd[1]: Set up automount Arbitrary Executable File Formats File System Automount Point.
[[0;32m  OK  [0m] Set up automount Arbitrary Executab...ats File System Automount Point.
[   18.481646] systemd[1]: Started Forward Password Requests to Wall Directory Watch.
[[0;32m  OK  [0m] Started Forward Password Requests to Wall Directory Watch.
[   18.660218] systemd[1]: Listening on Journal Socket.
[[0;32m  OK  [0m] Listening on Journal Socket.
[   18.742594] systemd[1]: Created slice User and Session Slice.
[[0;32m  OK  [0m] Created slice User and Session Slice.
[   18.878072] systemd[1]: Listening on Device-mapper event daemon FIFOs.
[[0;32m  OK  [0m] Listening on Device-mapper event daemon FIFOs.
[   19.053922] systemd[1]: Listening on Journal Socket (/dev/log).
[[0;32m  OK  [0m] Listening on Journal Socket (/dev/log).
[   19.124182] systemd[1]: Reached target User and Group Name Lookups.
[[0;32m  OK  [0m] Reached target User and Group Name Lookups.
[   19.133596] systemd[1]: Listening on /dev/initctl Compatibility Named Pipe.
[[0;32m  OK  [0m] Listening on /dev/initctl Compatibility Named Pipe.
[   19.281775] systemd[1]: Listening on LVM2 metadata daemon socket.
[[0;32m  OK  [0m] Listening on LVM2 metadata daemon socket.
[   19.433851] systemd[1]: Reached target Swap.
[[0;32m  OK  [0m] Reached target Swap.
[   19.481188] systemd[1]: Listening on udev Control Socket.
[[0;32m  OK  [0m] Listening on udev Control Socket.
[   19.495190] systemd[1]: Listening on Syslog Socket.
[[0;32m  OK  [0m] Listening on Syslog Socket.
[   19.617530] systemd[1]: Listening on Journal Audit Socket.
[[0;32m  OK  [0m] Listening on Journal Audit Socket.
[   19.765899] systemd[1]: Listening on LVM2 poll daemon socket.
[[0;32m  OK  [0m] Listening on LVM2 poll daemon socket.
[   19.906076] systemd[1]: Created slice System Slice.
[[0;32m  OK  [0m] Created slice System Slice.
[   20.045593] systemd[1]: Reached target Slices.
[[0;32m  OK  [0m] Reached target Slices.
[   20.153818] systemd[1]: Starting Nameserver information manager...
         Starting Nameserver information manager...
[   20.233514] systemd[1]: Starting Monitoring of LVM2 mirrors, snapshots etc. using dmeventd or progress polling...
[   20.297917] random: nonblocking pool is initialized
         Starting Monitoring of LVM2 mirrors... dmeventd or progress polling...
[   20.353546] systemd[1]: Starting Create list of required static device nodes for the current kernel...
         Starting Create list of required st... nodes for the current kernel...
[   20.388876] systemd[1]: Mounting Huge Pages File System...
         Mounting Huge Pages File System...
[   20.449954] systemd[1]: Starting Set console keymap...
         Starting Set console keymap...
[   20.465981] systemd[1]: Created slice system-serial\x2dgetty.slice.
[[0;32m  OK  [0m] Created slice system-serial\x2dgetty.slice.
[   20.505712] systemd[1]: Starting Remount Root and Kernel File Systems...
         Starting Remount[   20.533030] EXT4-fs (sda1): re-mounted. Opts: (null)
 Root and Kernel File Systems...
[   20.594024] systemd[1]: Mounting Debug File System...
         Mounting Debug File System...
[   20.641859] systemd[1]: Starting Load Kernel Modules...
         Starting Load Kernel Modules...
[   20.669960] Loading SSCSI transport class v2.0-870.
[   20.670607] systemd[1]: Starting Journal Service...
         Starting Journal Service...
[   20.834061] systemd[1]: Mounting POSIX Message Queue File System...
         [   20.836695] iscsi: registered transport (tcp)
Mounting POSIX Message Queue File System...
[   20.960621] systemd[1]: Starting Uncomplicated firewall...
         Starting Uncomplicated firewall.[   20.992832] iscsi: registered transport (iser)
..
[   21.102031] systemd[1]: Reached target Encrypted Volumes.
[[0;32m  OK  [0m] Reached target Encrypted Volumes.
[   21.116516] systemd[1]: Listening on udev Kernel Socket.
[[0;32m  OK  [0m] Listening on udev Kernel Socket.
[   21.166519] systemd[1]: Mounted Huge Pages File System.
[[0;32m  OK  [0m] Mounted Huge Pages File System.
[   21.201575] systemd[1]: Mounted Debug File System.
[[0;32m  OK  [0m] Mounted Debug File System.
[   21.249682] systemd[1]: Mounted POSIX Message Queue File System.
[[0;32m  OK  [0m] Mounted POSIX Message Queue File System.
[   21.366071] systemd[1]: Started Journal Service.
[[0;32m  OK  [0m] Started Journal Service.
[[0;32m  OK  [0m] Started Create list of required sta...ce nodes for the current kernel.
[[0;32m  OK  [0m] Started Set console keymap.
[[0;32m  OK  [0m] Started Remount Root and Kernel File Systems.
[[0;32m  OK  [0m] Started Load Kernel Modules.
[[0;32m  OK  [0m] Started Uncomplicated firewall.
[[0;32m  OK  [0m] Started Nameserver information manager.
[[0;32m  OK  [0m] Started LVM2 metadata daemon.
         Starting Apply Kernel Variables...
         Mounting FUSE Control File System...
         Starting Load/Save Random Seed...
         Starting udev Coldplug all Devices...
         Starting Initial cloud-init job (pre-networking)...
         Starting Create Static Device Nodes in /dev...
         Starting Flush Journal to Persistent Storage...
[[0;32m  OK  [0m] Mounted FUSE Control File System.
[[0;32m  OK  [0m] Started Apply Kernel Variables.
[[0;32m  OK  [0m] Started Load/Save Random Seed.
[[0;32m  OK  [0m] Started Create Static Device Nodes in /dev.
[[0;32m  OK  [0m] Started udev Coldplug all Devices.
         Starting udev Kernel Device Manager...
[[0;32m  OK  [0m] Started udev Kernel Device Manager.
[[0;32m  OK  [0m] Started Flush Journal to Persistent Storage.
[[0;32m  OK  [0m] Started Dispatch Password Requests to Console Directory Watch.
[[0;32m  OK  [0m] Started Monitoring of LVM2 mirrors,...ng dmeventd or progress polling.
[[0;32m  OK  [0m] Found device /dev/ttyS0.
[[0;32m  OK  [0m] Reached target Local File Systems (Pre).
[[0;32m  OK  [0m] Reached target Local File Systems.
         Starting Set console font and keymap...
         Starting Create Volatile Files and Directories...
         Starting Commit a transient machine-id on disk...
         Starting Tell Plymouth To Write Out Runtime Data...
         Starting LSB: AppArmor initialization...
[[0;32m  OK  [0m] Started Create Volatile Files and Directories.
[[0;32m  OK  [0m] Started Commit a transient machine-id on disk.
[[0;32m  OK  [0m] Started Tell Plymouth To Write Out Runtime Data.
[[0;32m  OK  [0m] Reached target System Time Synchronized.
         Starting Update UTMP about System Boot/Shutdown...
[[0;32m  OK  [0m] Started Set console font and keymap.
[[0;32m  OK  [0m] Started Update UTMP about System Boot/Shutdown.
[[0;32m  OK  [0m] Listening on Load/Save RF Kill Switch Status /dev/rfkill Watch.
[   18.837470] cloud-init[484]: Cloud-init v. 0.7.8 running 'init-local' at Wed, 18 Jan 2017 17:20:10 +0000. Up 18.31 seconds.
[[0;32m  OK  [0m] Created slice system-getty.slice.
[[0;32m  OK  [0m] Started Initial cloud-init job (pre-networking).
[[0;32m  OK  [0m] Started LSB: AppArmor initialization.
[[0;32m  OK  [0m] Reached target Network (Pre).
         Starting Raise network interfaces...
[[0;32m  OK  [0m] Started Raise network interfaces.
         Starting Initial cloud-init job (metadata service crawler)...
[[0;32m  OK  [0m] Reached target Network.
[   21.946204] cloud-init[1053]: Cloud-init v. 0.7.8 running 'init' at Wed, 18 Jan 2017 17:20:13 +0000. Up 21.42 seconds.
[   22.036447] cloud-init[1053]: ci-info: +++++++++++++++++++++++++++++++++++++Net device info++++++++++++++++++++++++++++++++++++++
[   22.036681] cloud-init[1053]: ci-info: +--------+-------+---------------------------+---------------+-------+-------------------+
[[0;32m  OK  [0m] Started Initial cloud-init job (metadata service crawler).
[   22.036885] cloud-init[1053]: ci-info: | Device |   Up  |          Address          |      Mask     | Scope |     Hw-Address    |
[   22.336776] cloud-init[1053]: ci-info: +--------+-------+---------------------------+---------------+-------+-------------------+
[   22.337250] cloud-init[1053]: ci-info: | enp0s8 | False |             .             |       .       |   .   | 08:00:27:1d:2c:28 |
[[0;32m  OK  [0m] Reached target Network is Online.
[   22.337493] cloud-init[1053]: ci-info: | enp0s3 |  True |         10.0.2.15         | 255.255.255.0 |   .   | 02:06:6d:81:c6:8d |
[   22.608809] cloud-init[1053]: ci-info: | enp0s3 |  True | fe80::6:6dff:fe81:c68d/64 |       .       |  link | 02:06:6d:81:c6:8d |
[   22.609090] cloud-init[1053]: ci-info: |   lo   |  True |         127.0.0.1         |   255.0.0.0   |   .   |         .         |
         Starting iSCSI initiator daemon (iscsid)...
[[   22.609230] cloud-init[1053]: ci-info: |   lo   |  True |          ::1/128          |       .       |  host |         .         |
[   22.764861] cloud-init[1053]: ci-info: +--------+-------+---------------------------+---------------+-------+-------------------+
[0;32m  OK  [0m] Reached target System Initialization.
[[   22.765010] cloud-init[1053]: ci-info: +++++++++++++++++++++++++++Route IPv4 info++++++++++++++++++++++++++++
[   22.947288] cloud-init[1053]: ci-info: +-------+-------------+----------+---------------+-----------+-------+
[   22.947490] cloud-init[1053]: ci-info: | Route | Destination | Gateway  |    Genmask    | Interface | Flags |
[0;32m  OK  [0m] Started Daily Cleanup of Temporary Directories.
[[   22.948526] cloud-init[1053]: ci-info: +-------+-------------+----------+---------------+-----------+-------+
[   23.104865] cloud-init[1053]: ci-info: |   0   |   0.0.0.0   | 10.0.2.2 |    0.0.0.0    |   enp0s3  |   UG  |
[0;32m  OK  [0m] Listening on D-Bus System Message Bus Socket.
[[   23.105001] cloud-init[1053]: ci-info: |   1   |   10.0.2.0  | 0.0.0.0  | 255.255.255.0 |   enp0s3  |   U   |
[   23.284925] cloud-init[1053]: ci-info: +-------+-------------+----------+---------------+-----------+-------+
[0;32m  OK  [0m] Started Timer to automatically refresh installed snaps.
[   23.285155] cloud-init[1053]: Generating public/private rsa key pair.
[   23.520448] cloud-init[1053]: Your identification has been saved in /etc/ssh/ssh_host_rsa_key.
[   23.520720] cloud-init         [1053]: Starting Socket activation for snappy daemon.Your public key has been saved in /etc/ssh/ssh_host_rsa_key.pub.

[[   23.521053] cloud-init[1053]: The key fingerprint is:
[   23.697616] cloud-init[1053]: SHA256:KeTdcAkGrbjWRnDafgq9yME2QB8Cu/BH9pKZfKIoCp0 root@ubuntu-xenial
[0;32m  OK  [0m] Started Daily apt activities.
[[   23.697753] cloud-init[1053]: The key's randomart image is:
[0;32m  OK  [0m] Reached target Timers.
[   23.764961] cloud-init[1053]: +---[RSA 2048]----+
[   23.819098] cloud-init[1053]: |..    .oo        |
[   23.819427] cloud-init[1053]: | .o o .... .     |
[[0;32m  OK  [0m] Listening on UUID daemon activation socket.
[[   23.819715] cloud-init[1053]: |o. ooB... o      |
[   23.867536] cloud-init[1053]: |.o.++B+. =       |
[   23.867667] cloud-init[1053]: |. .oO*= S .      |
[   23.867840] cloud-init[1053]: | o +O+=..        |
[   23.868064] cloud-init[1053]: |+ E+ * +         |
[0;32m  OK  [0m] Started Trigger resolvconf update for networkd DNS.
[   23.868194] cloud-init[1053]: |+   o o          |
[   23.948433] cloud-init[1053]: |.                |
[   23.948755] cloud-init[1053]: +----[SHA256]-----+
         Starting LXD - unix socket.
[   23.948970] cloud-init[1053]: Generating public/private dsa key pair.
[   23.989766] cloud-init[1053]: Your identification has been saved in /etc/ssh/ssh_host_dsa_key.
[[0;32m  OK  [0m] Listening on ACPID Listen Socket.
[   23.990003] cloud-init[1053]: Your public key has been saved in /etc/ssh/ssh_host_dsa_key.pub.
[   24.214952] cloud-init[1053]: The key fingerprint is:
[   24.215245] cloud-init[1053]: SHA256:hI6bSU6fsue9RbyA1Z1djMOHOAnmD3SBji4X7bVWFZA root@ubuntu-xenial
[[0;32m  OK  [0m] Started ACPI Events Check.
[   24.215424] cloud-init[1053]: The key's randomart image is:
[   24.263312] cloud-init[1053]: +---[DSA 1024]----+
[[0;32m  OK  [0m] Reached target Paths.
[   24.263559] cloud-init[1053]: |          +oo*o=o|
[   24.317301] cloud-init[1053]: |       . =.o+E=.+|
[   24.317679] cloud-init[1053]: |      . o++ o..+ |
[[0;32m  OK  [0m] Reached target Cloud-config availability.
[   24.317856] cloud-init[1053]: |     o +o.oo. .  |
[   24.390627] cloud-init[1053]: |    + o.Soo..o   |
[   24.390923] cloud-init[1053]: |   + =..oo..o    |
[[0;32m  OK  [0m] Listening on Socket activation for snappy daemon.
[   24.391103] cloud-init[1053]: |    * oo  o.     |
[   24.460281] cloud-init[1053]: |     o.. .       |
[   24.460879] cloud-init[1053]: |    .o. o.       |
[   24.461249] cloud-init[1053]: +----[SHA256]-----+
[[0;32m  OK  [0m] Listening on LXD - unix socket.
[[   24.461669] cloud-init[1053]: Generating public/private ecdsa key pair.
[   24.479319] cloud-init[1053]: Your identification has been saved in /etc/ssh/ssh_host_ecdsa_key.
[   24.479455] cloud-init[1053]: Your public key has been saved in /etc/ssh/ssh_host_ecdsa_key.pub.
[0;32m  OK  [0m] Started iSCSI initiator daemon (iscsid).
[   24.480106] cloud-init[1053]: The key fingerprint is:
[   24.556312] cloud-init[1053]: SHA256:RwC25BcBo0Jq0ZIbBTzEEMGIRkQAcK2tUJZz0qEcxWA root@ubuntu-xenial
[   24.608394] cloud-init[1053]: The key's randomart image is:
[   24.608731] cloud-init[1053]: +---[ECDSA 256]---+
         Starting Login to default iSCSI targets...
[[   24.608912] cloud-init[1053]: |^XEOo.*o+.       |
[   24.664756] cloud-init[1053]: |o/B+== o o       |
[0;32m  OK  [0m] Reached target Sockets.
[[   24.664933] cloud-init[1053]: |o+O*. o . .      |
[   24.699935] cloud-init[1053]: |o....  . .       |
[0;32m  OK  [0m] Reached target Basic System.
[   24.700659] cloud-init[1053]: | . .    S .      |
[   24.772384] cloud-init[1053]: |  .      .       |
[   24.772888] cloud-init[1053]: |                 |
         Starting Login Service...
[   24.773085] cloud-init[1053]: |                 |
[   24.880409] cloud-init[1053]: |                 |
[   24.880766] cloud-init[1053]: +----[SHA256]-----+
[[0;32m  OK  [0m] Started ACPI event daemon.
[   24.880964] cloud-init[1053]: Generating public/private ed25519 key pair.
[   24.980347] cloud-init[1053]: Your identification has been saved in /etc/ssh/ssh_host_ed25519_key.
[   24.980661] cloud-init[1053]: [[0;32m  OK  [0m] Started D-Bus System Message Bus.Your public key has been saved in /etc/ssh/ssh_host_ed25519_key.pub.

[   24.980951] cloud-init[1053]: The key fingerprint is:
[   25.074166] cloud-init[1053]: SHA256:m+Ja2H6EGtLWwe/mse+TaASAz/pG4tchmsCUtAChVho root@ubuntu-xenial
[   25.111295] cloud-init[1053]: The key's randomart image is:
[[0;32m  OK  [0m] Started Deferred execution scheduler.
[   25.112298] cloud-init[1053]: +--[ED25519 256]--+
         Starting Accounts Service...
[   25.144540] cloud-init[1053]: |+E o             |
         Starting LSB: Record successful boot for GRUB...
[   25.175237] cloud-init[1053]: |o.= .            |
[[0;32m  OK  [0m] Started Regular background program processing daemon.
[   25.242859] cloud-init[1053]: |+ooo o           |
[   25.325964]          cloud-initStarting Pollinate to seed the pseudo random number generator...[1053]: 
|.+  o +          |
[   25.326559] cloud-init[1053]: |o  o . =S        |
[   25.381550] cloud-init[1053]: |..+ *o+ +o       |
[[0;32m  OK  [0m] Started FUSE filesystem for LXC.
[   25.416448] cloud-init[1053]: | o O.=+=+. .     |
[   25.452631]          cloud-initStarting LXD - container startup/shutdown...[1053]: 
|  + =+..*oo      |
[   25.454317] cloud-init[1053]: |   o..o=ooo.     |
[   25.516207] cloud-init[1053]: +----[SHA256]-----+
         Starting System Logging Service...
         Starting LSB: MD monitoring daemon...
         Starting Apply the settings specified in cloud-config...
         Starting /etc/rc.local Compatibility...
[[0;32m  OK  [0m] Started Snappy daemon.
         Starting Auto import assertions from block devices...
[[0;32m  OK  [0m] Started System Logging Service.
[[0;32m  OK  [0m] Started LXD - container startup/shutdown.
[[0;32m  OK  [0m] Started /etc/rc.local Compatibility.
[[0;32m  OK  [0m] Started Auto import assertions from block devices.
[[0;32m  OK  [0m] Started Login to default iSCSI targets.
[[0;32m  OK  [0m] Started LSB: Record successful boot for GRUB.
[[0;32m  OK  [0m] Started LSB: MD monitoring daemon.
[[0;32m  OK  [0m] Started Login Service.
         Starting Authenticate and Authorize Users to Run Privileged Tasks...
[[0;32m  OK  [0m] Reached target Remote File Systems (Pre).
[[0;32m  OK  [0m] Reached target Remote File Systems.
         Starting LSB: daemon to balance interrupts for SMP systems...
         Starting LSB: VirtualBox Linux Additions...
         Starting Permit User Sessions...
         Starting LSB: Set the CPU Frequency Scaling governor to "ondemand"...
         Starting LSB: automatic crash report generation...
[[0;32m  OK  [0m] Started Permit User Sessions.
[[0;32m  OK  [0m] Started Authenticate and Authorize Users to Run Privileged Tasks.
[   26.218670] cloud-init[1230]: Generating locales (this might take a while)...
[[0;32m  OK  [0m] Started Accounts Service.
[[0;32m  OK  [0m] Started LSB: daemon to balance interrupts for SMP systems.
         Starting Hold until boot process finishes up...
         Starting Terminate Plymouth Boot Screen...
[[0;32m  OK  [0m] Started LSB: VirtualBox Linux Additions.
[[0;32m  OK  [0m] Started Hold until boot process finishes up.
[[0;32m  OK  [0m] Started Terminate Plymouth Boot Screen.
         Starting Set console scheme...
[[0;32m  OK  [0m] Started Serial Getty on ttyS0.
[[0;32m  OK  [0m] Started Getty on tty1.
[[0;32m  OK  [0m] Reached target Login Prompts.
[[0;32m  OK  [0m] Started Pollinate to seed the pseudo random number generator.
[[0;32m  OK  [0m] Started LSB: Set the CPU Frequency Scaling governor to "ondemand".
[[0;32m  OK  [0m] Started LSB: automatic crash report generation.
[[0;32m  OK  [0m] Started Set console scheme.
         Starting OpenBSD Secure Shell server...
[[0;32m  OK  [0m] Started OpenBSD Secure Shell server.
[[0;32m  OK  [0m] Reached target Multi-User System.
[[0;32m  OK  [0m] Reached target Graphical Interface.
         Starting Update UTMP about System Runlevel Changes...
[[0;32m  OK  [0m] Started Update UTMP about System Runlevel Changes.
[   27.402176] cloud-init[1230]:   en_US.UTF-8... done
[   27.436698] cloud-init[1230]: Generation complete.
         Stopping OpenBSD Secure Shell server...
[[0;32m  OK  [0m] Stopped OpenBSD Secure Shell server.
         Starting OpenBSD Secure Shell server...
[[0;32m  OK  [0m] Started OpenBSD Secure Shell server.
[[0;32m  OK  [0m] Created slice User Slice of ubuntu.
         Starting User Manager for UID 1000...
[[0;32m  OK  [0m] Started Session 1 of user ubuntu.
[[0;32m  OK  [0m] Started User Manager for UID 1000.
[   27.937504] cloud-init[1230]: Cloud-init v. 0.7.8 running 'modules:config' at Wed, 18 Jan 2017 17:20:17 +0000. Up 26.03 seconds.
[[0;32m  OK  [0m] Started Apply the settings specified in cloud-config.
         Starting Execute cloud user/final scripts...
ci-info: no authorized ssh keys fingerprints found for user ubuntu.
<14>Jan 18 17:20:20 ec2: 
<14>Jan 18 17:20:20 ec2: #############################################################
<14>Jan 18 17:20:20 ec2: -----BEGIN SSH HOST KEY FINGERPRINTS-----
<14>Jan 18 17:20:20 ec2: 1024 SHA256:hI6bSU6fsue9RbyA1Z1djMOHOAnmD3SBji4X7bVWFZA root@ubuntu-xenial (DSA)
<14>Jan 18 17:20:20 ec2: 256 SHA256:RwC25BcBo0Jq0ZIbBTzEEMGIRkQAcK2tUJZz0qEcxWA root@ubuntu-xenial (ECDSA)
<14>Jan 18 17:20:20 ec2: 256 SHA256:m+Ja2H6EGtLWwe/mse+TaASAz/pG4tchmsCUtAChVho root@ubuntu-xenial (ED25519)
<14>Jan 18 17:20:20 ec2: 2048 SHA256:KeTdcAkGrbjWRnDafgq9yME2QB8Cu/BH9pKZfKIoCp0 root@ubuntu-xenial (RSA)
<14>Jan 18 17:20:20 ec2: -----END SSH HOST KEY FINGERPRINTS-----
<14>Jan 18 17:20:20 ec2: #############################################################
-----BEGIN SSH HOST KEY KEYS-----
ecdsa-sha2-nistp256 AAAAE2VjZHNhLXNoYTItbmlzdHAyNTYAAAAIbmlzdHAyNTYAAABBBMtv5ZEUNpG/AMQ9eTRqshbkkHVeBvaQUoU/AcyHgKu6PZMSQFGAwqpmRIkPtKLIflEXpj97JEpgQKGAnZcO080= root@ubuntu-xenial
ssh-ed25519 AAAAC3NzaC1lZDI1NTE5AAAAIB/Jw4p8wuzxnmoSq87pmOdeW/MhL+fzbccVvp7Hs1Iq root@ubuntu-xenial
ssh-rsa AAAAB3NzaC1yc2EAAAADAQABAAABAQDP8mWIxEPKY5DNAcPBuUZvZeFFsfyXXSz2KkPJ95bEDNck2Yhf9fS50tDK6INJJAuNIBG7BsioXY9z1ZLukHiE9U3uaLUMQ1G/Ws/Gk/6b4LHJckB8ceLGQ5TRqllvzzHFsOsP83v7SMKFsQHMy3WwT6bPrbmMHHq51u6TQjzEYwwckSb5jIBUuOodCNN9Gm8+cGyTMFQmaGrKwqBt4G4SUjoAW20hwvftNNkmS7VPhC5HrWuN56+N0LyLSd61i7ti8N02ePCH6JO+UGyZ1sLszxsBg5B7VXwz4b/QCVd4r+8HmyiG7Qj9F2fs33/0rfhDcM+7w6kgof1Zx9r3fs4j root@ubuntu-xenial
-----END SSH HOST KEY KEYS-----
[   29.290335] cloud-init[1491]: Cloud-init v. 0.7.8 running 'modules:final' at Wed, 18 Jan 2017 17:20:20 +0000. Up 28.55 seconds.
[   29.333456] cloud-init[1491]: ci-info: no authorized ssh keys fingerprints found for user ubuntu.
[   29.365139] cloud-init[1491]: Cloud-init v. 0.7.8 finished at Wed, 18 Jan 2017 17:20:21 +0000. Datasource DataSourceNoCloud [seed=/dev/sdb][dsmode=net].  Up 29.27 seconds
[[0;32m  OK  [0m] Started Execute cloud user/final scripts.
[[0;32m  OK  [0m] Reached target Cloud-init target.

Ubuntu 16.04.1 LTS ubuntu-xenial ttyS0

ubuntu-xenial login: 